[2022-11-10 06:24:59] local.ERROR: SQLSTATE[HY000] [1049] Unknown database 'laravel' (SQL: select * from information_schema.tables where table_schema = laravel and table_name = migrations and table_type = 'BASE TABLE') {"exception":"[object] (Illuminate\\Database\\QueryException(code: 1049): SQLSTATE[HY000] [1049] Unknown database 'laravel' (SQL: select * from information_schema.tables where table_schema = laravel and table_name = migrations and table_type = 'BASE TABLE') at F:\\users\\Surumeika\\LULL_Learning\\掲示板課題フォルダ改\\Bulletin-board-master\\vendor\\laravel\\framework\\src\\Illuminate\\Database\\Connection.php:669)
[stacktrace]
#0 F:\\users\\Surumeika\\LULL_Learning\\掲示板課題フォルダ改\\Bulletin-board-master\\vendor\\laravel\\framework\\src\\Illuminate\\Database\\Connection.php(629): Illuminate\\Database\\Connection->runQueryCallback()
#1 F:\\users\\Surumeika\\LULL_Learning\\掲示板課題フォルダ改\\Bulletin-board-master\\vendor\\laravel\\framework\\src\\Illuminate\\Database\\Connection.php(338): Illuminate\\Database\\Connection->run()
#2 F:\\users\\Surumeika\\LULL_Learning\\掲示板課題フォルダ改\\Bulletin-board-master\\vendor\\laravel\\framework\\src\\Illuminate\\Database\\Schema\\MySqlBuilder.php(18): Illuminate\\Database\\Connection->select()
#3 F:\\users\\Surumeika\\LULL_Learning\\掲示板課題フォルダ改\\Bulletin-board-master\\vendor\\laravel\\framework\\src\\Illuminate\\Database\\Migrations\\DatabaseMigrationRepository.php(169): Illuminate\\Database\\Schema\\MySqlBuilder->hasTable()
#4 F:\\users\\Surumeika\\LULL_Learning\\掲示板課題フォルダ改\\Bulletin-board-master\\vendor\\laravel\\framework\\src\\Illuminate\\Database\\Migrations\\Migrator.php(590): Illuminate\\Database\\Migrations\\DatabaseMigrationRepository->repositoryExists()
#5 F:\\users\\Surumeika\\LULL_Learning\\掲示板課題フォルダ改\\Bulletin-board-master\\vendor\\laravel\\framework\\src\\Illuminate\\Database\\Console\\Migrations\\MigrateCommand.php(91): Illuminate\\Database\\Migrations\\Migrator->repositoryExists()
#6 F:\\users\\Surumeika\\LULL_Learning\\掲示板課題フォルダ改\\Bulletin-board-master\\vendor\\laravel\\framework\\src\\Illuminate\\Database\\Console\\Migrations\\MigrateCommand.php(63): Illuminate\\Database\\Console\\Migrations\\MigrateCommand->prepareDatabase()
#7 F:\\users\\Surumeika\\LULL_Learning\\掲示板課題フォルダ改\\Bulletin-board-master\\vendor\\laravel\\framework\\src\\Illuminate\\Container\\BoundMethod.php(36): Illuminate\\Database\\Console\\Migrations\\MigrateCommand->handle()
#8 F:\\users\\Surumeika\\LULL_Learning\\掲示板課題フォルダ改\\Bulletin-board-master\\vendor\\laravel\\framework\\src\\Illuminate\\Container\\Util.php(37): Illuminate\\Container\\BoundMethod::Illuminate\\Container\\{closure}()
#9 F:\\users\\Surumeika\\LULL_Learning\\掲示板課題フォルダ改\\Bulletin-board-master\\vendor\\laravel\\framework\\src\\Illuminate\\Container\\BoundMethod.php(93): Illuminate\\Container\\Util::unwrapIfClosure()
#10 F:\\users\\Surumeika\\LULL_Learning\\掲示板課題フォルダ改\\Bulletin-board-master\\vendor\\laravel\\framework\\src\\Illuminate\\Container\\BoundMethod.php(37): Illuminate\\Container\\BoundMethod::callBoundMethod()
#11 F:\\users\\Surumeika\\LULL_Learning\\掲示板課題フォルダ改\\Bulletin-board-master\\vendor\\laravel\\framework\\src\\Illuminate\\Container\\Container.php(590): Illuminate\\Container\\BoundMethod::call()
#12 F:\\users\\Surumeika\\LULL_Learning\\掲示板課題フォルダ改\\Bulletin-board-master\\vendor\\laravel\\framework\\src\\Illuminate\\Console\\Command.php(134): Illuminate\\Container\\Container->call()
#13 F:\\users\\Surumeika\\LULL_Learning\\掲示板課題フォルダ改\\Bulletin-board-master\\vendor\\symfony\\console\\Command\\Command.php(255): Illuminate\\Console\\Command->execute()
#14 F:\\users\\Surumeika\\LULL_Learning\\掲示板課題フォルダ改\\Bulletin-board-master\\vendor\\laravel\\framework\\src\\Illuminate\\Console\\Command.php(121): Symfony\\Component\\Console\\Command\\Command->run()
#15 F:\\users\\Surumeika\\LULL_Learning\\掲示板課題フォルダ改\\Bulletin-board-master\\vendor\\symfony\\console\\Application.php(1021): Illuminate\\Console\\Command->run()
#16 F:\\users\\Surumeika\\LULL_Learning\\掲示板課題フォルダ改\\Bulletin-board-master\\vendor\\symfony\\console\\Application.php(275): Symfony\\Component\\Console\\Application->doRunCommand()
#17 F:\\users\\Surumeika\\LULL_Learning\\掲示板課題フォルダ改\\Bulletin-board-master\\vendor\\symfony\\console\\Application.php(149): Symfony\\Component\\Console\\Application->doRun()
#18 F:\\users\\Surumeika\\LULL_Learning\\掲示板課題フォルダ改\\Bulletin-board-master\\vendor\\laravel\\framework\\src\\Illuminate\\Console\\Application.php(93): Symfony\\Component\\Console\\Application->run()
#19 F:\\users\\Surumeika\\LULL_Learning\\掲示板課題フォルダ改\\Bulletin-board-master\\vendor\\laravel\\framework\\src\\Illuminate\\Foundation\\Console\\Kernel.php(131): Illuminate\\Console\\Application->run()
#20 F:\\users\\Surumeika\\LULL_Learning\\掲示板課題フォルダ改\\Bulletin-board-master\\artisan(37): Illuminate\\Foundation\\Console\\Kernel->handle()
#21 {main}

[previous exception] [object] (PDOException(code: 1049): SQLSTATE[HY000] [1049] Unknown database 'laravel' at F:\\users\\Surumeika\\LULL_Learning\\掲示板課題フォルダ改\\Bulletin-board-master\\vendor\\laravel\\framework\\src\\Illuminate\\Database\\Connectors\\Connector.php:70)
[stacktrace]
#0 F:\\users\\Surumeika\\LULL_Learning\\掲示板課題フォルダ改\\Bulletin-board-master\\vendor\\laravel\\framework\\src\\Illuminate\\Database\\Connectors\\Connector.php(70): PDO->__construct()
#1 F:\\users\\Surumeika\\LULL_Learning\\掲示板課題フォルダ改\\Bulletin-board-master\\vendor\\laravel\\framework\\src\\Illuminate\\Database\\Connectors\\Connector.php(46): Illuminate\\Database\\Connectors\\Connector->createPdoConnection()
#2 F:\\users\\Surumeika\\LULL_Learning\\掲示板課題フォルダ改\\Bulletin-board-master\\vendor\\laravel\\framework\\src\\Illuminate\\Database\\Connectors\\MySqlConnector.php(24): Illuminate\\Database\\Connectors\\Connector->createConnection()
#3 F:\\users\\Surumeika\\LULL_Learning\\掲示板課題フォルダ改\\Bulletin-board-master\\vendor\\laravel\\framework\\src\\Illuminate\\Database\\Connectors\\ConnectionFactory.php(182): Illuminate\\Database\\Connectors\\MySqlConnector->connect()
#4 [internal function]: Illuminate\\Database\\Connectors\\ConnectionFactory->Illuminate\\Database\\Connectors\\{closure}()
#5 F:\\users\\Surumeika\\LULL_Learning\\掲示板課題フォルダ改\\Bulletin-board-master\\vendor\\laravel\\framework\\src\\Illuminate\\Database\\Connection.php(924): call_user_func()
#6 F:\\users\\Surumeika\\LULL_Learning\\掲示板課題フォルダ改\\Bulletin-board-master\\vendor\\laravel\\framework\\src\\Illuminate\\Database\\Connection.php(959): Illuminate\\Database\\Connection->getPdo()
#7 F:\\users\\Surumeika\\LULL_Learning\\掲示板課題フォルダ改\\Bulletin-board-master\\vendor\\laravel\\framework\\src\\Illuminate\\Database\\Connection.php(404): Illuminate\\Database\\Connection->getReadPdo()
#8 F:\\users\\Surumeika\\LULL_Learning\\掲示板課題フォルダ改\\Bulletin-board-master\\vendor\\laravel\\framework\\src\\Illuminate\\Database\\Connection.php(330): Illuminate\\Database\\Connection->getPdoForSelect()
#9 F:\\users\\Surumeika\\LULL_Learning\\掲示板課題フォルダ改\\Bulletin-board-master\\vendor\\laravel\\framework\\src\\Illuminate\\Database\\Connection.php(662): Illuminate\\Database\\Connection->Illuminate\\Database\\{closure}()
#10 F:\\users\\Surumeika\\LULL_Learning\\掲示板課題フォルダ改\\Bulletin-board-master\\vendor\\laravel\\framework\\src\\Illuminate\\Database\\Connection.php(629): Illuminate\\Database\\Connection->runQueryCallback()
#11 F:\\users\\Surumeika\\LULL_Learning\\掲示板課題フォルダ改\\Bulletin-board-master\\vendor\\laravel\\framework\\src\\Illuminate\\Database\\Connection.php(338): Illuminate\\Database\\Connection->run()
#12 F:\\users\\Surumeika\\LULL_Learning\\掲示板課題フォルダ改\\Bulletin-board-master\\vendor\\laravel\\framework\\src\\Illuminate\\Database\\Schema\\MySqlBuilder.php(18): Illuminate\\Database\\Connection->select()
#13 F:\\users\\Surumeika\\LULL_Learning\\掲示板課題フォルダ改\\Bulletin-board-master\\vendor\\laravel\\framework\\src\\Illuminate\\Database\\Migrations\\DatabaseMigrationRepository.php(169): Illuminate\\Database\\Schema\\MySqlBuilder->hasTable()
#14 F:\\users\\Surumeika\\LULL_Learning\\掲示板課題フォルダ改\\Bulletin-board-master\\vendor\\laravel\\framework\\src\\Illuminate\\Database\\Migrations\\Migrator.php(590): Illuminate\\Database\\Migrations\\DatabaseMigrationRepository->repositoryExists()
#15 F:\\users\\Surumeika\\LULL_Learning\\掲示板課題フォルダ改\\Bulletin-board-master\\vendor\\laravel\\framework\\src\\Illuminate\\Database\\Console\\Migrations\\MigrateCommand.php(91): Illuminate\\Database\\Migrations\\Migrator->repositoryExists()
#16 F:\\users\\Surumeika\\LULL_Learning\\掲示板課題フォルダ改\\Bulletin-board-master\\vendor\\laravel\\framework\\src\\Illuminate\\Database\\Console\\Migrations\\MigrateCommand.php(63): Illuminate\\Database\\Console\\Migrations\\MigrateCommand->prepareDatabase()
#17 F:\\users\\Surumeika\\LULL_Learning\\掲示板課題フォルダ改\\Bulletin-board-master\\vendor\\laravel\\framework\\src\\Illuminate\\Container\\BoundMethod.php(36): Illuminate\\Database\\Console\\Migrations\\MigrateCommand->handle()
#18 F:\\users\\Surumeika\\LULL_Learning\\掲示板課題フォルダ改\\Bulletin-board-master\\vendor\\laravel\\framework\\src\\Illuminate\\Container\\Util.php(37): Illuminate\\Container\\BoundMethod::Illuminate\\Container\\{closure}()
#19 F:\\users\\Surumeika\\LULL_Learning\\掲示板課題フォルダ改\\Bulletin-board-master\\vendor\\laravel\\framework\\src\\Illuminate\\Container\\BoundMethod.php(93): Illuminate\\Container\\Util::unwrapIfClosure()
#20 F:\\users\\Surumeika\\LULL_Learning\\掲示板課題フォルダ改\\Bulletin-board-master\\vendor\\laravel\\framework\\src\\Illuminate\\Container\\BoundMethod.php(37): Illuminate\\Container\\BoundMethod::callBoundMethod()
#21 F:\\users\\Surumeika\\LULL_Learning\\掲示板課題フォルダ改\\Bulletin-board-master\\vendor\\laravel\\framework\\src\\Illuminate\\Container\\Container.php(590): Illuminate\\Container\\BoundMethod::call()
#22 F:\\users\\Surumeika\\LULL_Learning\\掲示板課題フォルダ改\\Bulletin-board-master\\vendor\\laravel\\framework\\src\\Illuminate\\Console\\Command.php(134): Illuminate\\Container\\Container->call()
#23 F:\\users\\Surumeika\\LULL_Learning\\掲示板課題フォルダ改\\Bulletin-board-master\\vendor\\symfony\\console\\Command\\Command.php(255): Illuminate\\Console\\Command->execute()
#24 F:\\users\\Surumeika\\LULL_Learning\\掲示板課題フォルダ改\\Bulletin-board-master\\vendor\\laravel\\framework\\src\\Illuminate\\Console\\Command.php(121): Symfony\\Component\\Console\\Command\\Command->run()
#25 F:\\users\\Surumeika\\LULL_Learning\\掲示板課題フォルダ改\\Bulletin-board-master\\vendor\\symfony\\console\\Application.php(1021): Illuminate\\Console\\Command->run()
#26 F:\\users\\Surumeika\\LULL_Learning\\掲示板課題フォルダ改\\Bulletin-board-master\\vendor\\symfony\\console\\Application.php(275): Symfony\\Component\\Console\\Application->doRunCommand()
#27 F:\\users\\Surumeika\\LULL_Learning\\掲示板課題フォルダ改\\Bulletin-board-master\\vendor\\symfony\\console\\Application.php(149): Symfony\\Component\\Console\\Application->doRun()
#28 F:\\users\\Surumeika\\LULL_Learning\\掲示板課題フォルダ改\\Bulletin-board-master\\vendor\\laravel\\framework\\src\\Illuminate\\Console\\Application.php(93): Symfony\\Component\\Console\\Application->run()
#29 F:\\users\\Surumeika\\LULL_Learning\\掲示板課題フォルダ改\\Bulletin-board-master\\vendor\\laravel\\framework\\src\\Illuminate\\Foundation\\Console\\Kernel.php(131): Illuminate\\Console\\Application->run()
#30 F:\\users\\Surumeika\\LULL_Learning\\掲示板課題フォルダ改\\Bulletin-board-master\\artisan(37): Illuminate\\Foundation\\Console\\Kernel->handle()
#31 {main}
"} 
[2022-11-10 06:49:50] local.ERROR: Target class [UsersTableSeeder] does not exist. {"exception":"[object] (Illuminate\\Contracts\\Container\\BindingResolutionException(code: 0): Target class [UsersTableSeeder] does not exist. at F:\\users\\Surumeika\\LULL_Learning\\掲示板課題フォルダ改\\Bulletin-board-master\\vendor\\laravel\\framework\\src\\Illuminate\\Container\\Container.php:805)
[stacktrace]
#0 F:\\users\\Surumeika\\LULL_Learning\\掲示板課題フォルダ改\\Bulletin-board-master\\vendor\\laravel\\framework\\src\\Illuminate\\Container\\Container.php(681): Illuminate\\Container\\Container->build()
#1 F:\\users\\Surumeika\\LULL_Learning\\掲示板課題フォルダ改\\Bulletin-board-master\\vendor\\laravel\\framework\\src\\Illuminate\\Foundation\\Application.php(785): Illuminate\\Container\\Container->resolve()
#2 F:\\users\\Surumeika\\LULL_Learning\\掲示板課題フォルダ改\\Bulletin-board-master\\vendor\\laravel\\framework\\src\\Illuminate\\Container\\Container.php(629): Illuminate\\Foundation\\Application->resolve()
#3 F:\\users\\Surumeika\\LULL_Learning\\掲示板課題フォルダ改\\Bulletin-board-master\\vendor\\laravel\\framework\\src\\Illuminate\\Foundation\\Application.php(770): Illuminate\\Container\\Container->make()
#4 F:\\users\\Surumeika\\LULL_Learning\\掲示板課題フォルダ改\\Bulletin-board-master\\vendor\\laravel\\framework\\src\\Illuminate\\Database\\Seeder.php(80): Illuminate\\Foundation\\Application->make()
#5 F:\\users\\Surumeika\\LULL_Learning\\掲示板課題フォルダ改\\Bulletin-board-master\\vendor\\laravel\\framework\\src\\Illuminate\\Database\\Seeder.php(38): Illuminate\\Database\\Seeder->resolve()
#6 F:\\users\\Surumeika\\LULL_Learning\\掲示板課題フォルダ改\\Bulletin-board-master\\database\\seeds\\DatabaseSeeder.php(14): Illuminate\\Database\\Seeder->call()
#7 F:\\users\\Surumeika\\LULL_Learning\\掲示板課題フォルダ改\\Bulletin-board-master\\vendor\\laravel\\framework\\src\\Illuminate\\Container\\BoundMethod.php(36): DatabaseSeeder->run()
#8 F:\\users\\Surumeika\\LULL_Learning\\掲示板課題フォルダ改\\Bulletin-board-master\\vendor\\laravel\\framework\\src\\Illuminate\\Container\\Util.php(37): Illuminate\\Container\\BoundMethod::Illuminate\\Container\\{closure}()
#9 F:\\users\\Surumeika\\LULL_Learning\\掲示板課題フォルダ改\\Bulletin-board-master\\vendor\\laravel\\framework\\src\\Illuminate\\Container\\BoundMethod.php(93): Illuminate\\Container\\Util::unwrapIfClosure()
#10 F:\\users\\Surumeika\\LULL_Learning\\掲示板課題フォルダ改\\Bulletin-board-master\\vendor\\laravel\\framework\\src\\Illuminate\\Container\\BoundMethod.php(37): Illuminate\\Container\\BoundMethod::callBoundMethod()
#11 F:\\users\\Surumeika\\LULL_Learning\\掲示板課題フォルダ改\\Bulletin-board-master\\vendor\\laravel\\framework\\src\\Illuminate\\Container\\Container.php(590): Illuminate\\Container\\BoundMethod::call()
#12 F:\\users\\Surumeika\\LULL_Learning\\掲示板課題フォルダ改\\Bulletin-board-master\\vendor\\laravel\\framework\\src\\Illuminate\\Database\\Seeder.php(134): Illuminate\\Container\\Container->call()
#13 F:\\users\\Surumeika\\LULL_Learning\\掲示板課題フォルダ改\\Bulletin-board-master\\vendor\\laravel\\framework\\src\\Illuminate\\Database\\Console\\Seeds\\SeedCommand.php(63): Illuminate\\Database\\Seeder->__invoke()
#14 F:\\users\\Surumeika\\LULL_Learning\\掲示板課題フォルダ改\\Bulletin-board-master\\vendor\\laravel\\framework\\src\\Illuminate\\Database\\Eloquent\\Concerns\\GuardsAttributes.php(129): Illuminate\\Database\\Console\\Seeds\\SeedCommand->Illuminate\\Database\\Console\\Seeds\\{closure}()
#15 F:\\users\\Surumeika\\LULL_Learning\\掲示板課題フォルダ改\\Bulletin-board-master\\vendor\\laravel\\framework\\src\\Illuminate\\Database\\Console\\Seeds\\SeedCommand.php(64): Illuminate\\Database\\Eloquent\\Model::unguarded()
#16 F:\\users\\Surumeika\\LULL_Learning\\掲示板課題フォルダ改\\Bulletin-board-master\\vendor\\laravel\\framework\\src\\Illuminate\\Container\\BoundMethod.php(36): Illuminate\\Database\\Console\\Seeds\\SeedCommand->handle()
#17 F:\\users\\Surumeika\\LULL_Learning\\掲示板課題フォルダ改\\Bulletin-board-master\\vendor\\laravel\\framework\\src\\Illuminate\\Container\\Util.php(37): Illuminate\\Container\\BoundMethod::Illuminate\\Container\\{closure}()
#18 F:\\users\\Surumeika\\LULL_Learning\\掲示板課題フォルダ改\\Bulletin-board-master\\vendor\\laravel\\framework\\src\\Illuminate\\Container\\BoundMethod.php(93): Illuminate\\Container\\Util::unwrapIfClosure()
#19 F:\\users\\Surumeika\\LULL_Learning\\掲示板課題フォルダ改\\Bulletin-board-master\\vendor\\laravel\\framework\\src\\Illuminate\\Container\\BoundMethod.php(37): Illuminate\\Container\\BoundMethod::callBoundMethod()
#20 F:\\users\\Surumeika\\LULL_Learning\\掲示板課題フォルダ改\\Bulletin-board-master\\vendor\\laravel\\framework\\src\\Illuminate\\Container\\Container.php(590): Illuminate\\Container\\BoundMethod::call()
#21 F:\\users\\Surumeika\\LULL_Learning\\掲示板課題フォルダ改\\Bulletin-board-master\\vendor\\laravel\\framework\\src\\Illuminate\\Console\\Command.php(134): Illuminate\\Container\\Container->call()
#22 F:\\users\\Surumeika\\LULL_Learning\\掲示板課題フォルダ改\\Bulletin-board-master\\vendor\\symfony\\console\\Command\\Command.php(255): Illuminate\\Console\\Command->execute()
#23 F:\\users\\Surumeika\\LULL_Learning\\掲示板課題フォルダ改\\Bulletin-board-master\\vendor\\laravel\\framework\\src\\Illuminate\\Console\\Command.php(121): Symfony\\Component\\Console\\Command\\Command->run()
#24 F:\\users\\Surumeika\\LULL_Learning\\掲示板課題フォルダ改\\Bulletin-board-master\\vendor\\symfony\\console\\Application.php(1021): Illuminate\\Console\\Command->run()
#25 F:\\users\\Surumeika\\LULL_Learning\\掲示板課題フォルダ改\\Bulletin-board-master\\vendor\\symfony\\console\\Application.php(275): Symfony\\Component\\Console\\Application->doRunCommand()
#26 F:\\users\\Surumeika\\LULL_Learning\\掲示板課題フォルダ改\\Bulletin-board-master\\vendor\\symfony\\console\\Application.php(149): Symfony\\Component\\Console\\Application->doRun()
#27 F:\\users\\Surumeika\\LULL_Learning\\掲示板課題フォルダ改\\Bulletin-board-master\\vendor\\laravel\\framework\\src\\Illuminate\\Console\\Application.php(93): Symfony\\Component\\Console\\Application->run()
#28 F:\\users\\Surumeika\\LULL_Learning\\掲示板課題フォルダ改\\Bulletin-board-master\\vendor\\laravel\\framework\\src\\Illuminate\\Foundation\\Console\\Kernel.php(131): Illuminate\\Console\\Application->run()
#29 F:\\users\\Surumeika\\LULL_Learning\\掲示板課題フォルダ改\\Bulletin-board-master\\artisan(37): Illuminate\\Foundation\\Console\\Kernel->handle()
#30 {main}

[previous exception] [object] (ReflectionException(code: -1): Class \"UsersTableSeeder\" does not exist at F:\\users\\Surumeika\\LULL_Learning\\掲示板課題フォルダ改\\Bulletin-board-master\\vendor\\laravel\\framework\\src\\Illuminate\\Container\\Container.php:803)
[stacktrace]
#0 F:\\users\\Surumeika\\LULL_Learning\\掲示板課題フォルダ改\\Bulletin-board-master\\vendor\\laravel\\framework\\src\\Illuminate\\Container\\Container.php(803): ReflectionClass->__construct()
#1 F:\\users\\Surumeika\\LULL_Learning\\掲示板課題フォルダ改\\Bulletin-board-master\\vendor\\laravel\\framework\\src\\Illuminate\\Container\\Container.php(681): Illuminate\\Container\\Container->build()
#2 F:\\users\\Surumeika\\LULL_Learning\\掲示板課題フォルダ改\\Bulletin-board-master\\vendor\\laravel\\framework\\src\\Illuminate\\Foundation\\Application.php(785): Illuminate\\Container\\Container->resolve()
#3 F:\\users\\Surumeika\\LULL_Learning\\掲示板課題フォルダ改\\Bulletin-board-master\\vendor\\laravel\\framework\\src\\Illuminate\\Container\\Container.php(629): Illuminate\\Foundation\\Application->resolve()
#4 F:\\users\\Surumeika\\LULL_Learning\\掲示板課題フォルダ改\\Bulletin-board-master\\vendor\\laravel\\framework\\src\\Illuminate\\Foundation\\Application.php(770): Illuminate\\Container\\Container->make()
#5 F:\\users\\Surumeika\\LULL_Learning\\掲示板課題フォルダ改\\Bulletin-board-master\\vendor\\laravel\\framework\\src\\Illuminate\\Database\\Seeder.php(80): Illuminate\\Foundation\\Application->make()
#6 F:\\users\\Surumeika\\LULL_Learning\\掲示板課題フォルダ改\\Bulletin-board-master\\vendor\\laravel\\framework\\src\\Illuminate\\Database\\Seeder.php(38): Illuminate\\Database\\Seeder->resolve()
#7 F:\\users\\Surumeika\\LULL_Learning\\掲示板課題フォルダ改\\Bulletin-board-master\\database\\seeds\\DatabaseSeeder.php(14): Illuminate\\Database\\Seeder->call()
#8 F:\\users\\Surumeika\\LULL_Learning\\掲示板課題フォルダ改\\Bulletin-board-master\\vendor\\laravel\\framework\\src\\Illuminate\\Container\\BoundMethod.php(36): DatabaseSeeder->run()
#9 F:\\users\\Surumeika\\LULL_Learning\\掲示板課題フォルダ改\\Bulletin-board-master\\vendor\\laravel\\framework\\src\\Illuminate\\Container\\Util.php(37): Illuminate\\Container\\BoundMethod::Illuminate\\Container\\{closure}()
#10 F:\\users\\Surumeika\\LULL_Learning\\掲示板課題フォルダ改\\Bulletin-board-master\\vendor\\laravel\\framework\\src\\Illuminate\\Container\\BoundMethod.php(93): Illuminate\\Container\\Util::unwrapIfClosure()
#11 F:\\users\\Surumeika\\LULL_Learning\\掲示板課題フォルダ改\\Bulletin-board-master\\vendor\\laravel\\framework\\src\\Illuminate\\Container\\BoundMethod.php(37): Illuminate\\Container\\BoundMethod::callBoundMethod()
#12 F:\\users\\Surumeika\\LULL_Learning\\掲示板課題フォルダ改\\Bulletin-board-master\\vendor\\laravel\\framework\\src\\Illuminate\\Container\\Container.php(590): Illuminate\\Container\\BoundMethod::call()
#13 F:\\users\\Surumeika\\LULL_Learning\\掲示板課題フォルダ改\\Bulletin-board-master\\vendor\\laravel\\framework\\src\\Illuminate\\Database\\Seeder.php(134): Illuminate\\Container\\Container->call()
#14 F:\\users\\Surumeika\\LULL_Learning\\掲示板課題フォルダ改\\Bulletin-board-master\\vendor\\laravel\\framework\\src\\Illuminate\\Database\\Console\\Seeds\\SeedCommand.php(63): Illuminate\\Database\\Seeder->__invoke()
#15 F:\\users\\Surumeika\\LULL_Learning\\掲示板課題フォルダ改\\Bulletin-board-master\\vendor\\laravel\\framework\\src\\Illuminate\\Database\\Eloquent\\Concerns\\GuardsAttributes.php(129): Illuminate\\Database\\Console\\Seeds\\SeedCommand->Illuminate\\Database\\Console\\Seeds\\{closure}()
#16 F:\\users\\Surumeika\\LULL_Learning\\掲示板課題フォルダ改\\Bulletin-board-master\\vendor\\laravel\\framework\\src\\Illuminate\\Database\\Console\\Seeds\\SeedCommand.php(64): Illuminate\\Database\\Eloquent\\Model::unguarded()
#17 F:\\users\\Surumeika\\LULL_Learning\\掲示板課題フォルダ改\\Bulletin-board-master\\vendor\\laravel\\framework\\src\\Illuminate\\Container\\BoundMethod.php(36): Illuminate\\Database\\Console\\Seeds\\SeedCommand->handle()
#18 F:\\users\\Surumeika\\LULL_Learning\\掲示板課題フォルダ改\\Bulletin-board-master\\vendor\\laravel\\framework\\src\\Illuminate\\Container\\Util.php(37): Illuminate\\Container\\BoundMethod::Illuminate\\Container\\{closure}()
#19 F:\\users\\Surumeika\\LULL_Learning\\掲示板課題フォルダ改\\Bulletin-board-master\\vendor\\laravel\\framework\\src\\Illuminate\\Container\\BoundMethod.php(93): Illuminate\\Container\\Util::unwrapIfClosure()
#20 F:\\users\\Surumeika\\LULL_Learning\\掲示板課題フォルダ改\\Bulletin-board-master\\vendor\\laravel\\framework\\src\\Illuminate\\Container\\BoundMethod.php(37): Illuminate\\Container\\BoundMethod::callBoundMethod()
#21 F:\\users\\Surumeika\\LULL_Learning\\掲示板課題フォルダ改\\Bulletin-board-master\\vendor\\laravel\\framework\\src\\Illuminate\\Container\\Container.php(590): Illuminate\\Container\\BoundMethod::call()
#22 F:\\users\\Surumeika\\LULL_Learning\\掲示板課題フォルダ改\\Bulletin-board-master\\vendor\\laravel\\framework\\src\\Illuminate\\Console\\Command.php(134): Illuminate\\Container\\Container->call()
#23 F:\\users\\Surumeika\\LULL_Learning\\掲示板課題フォルダ改\\Bulletin-board-master\\vendor\\symfony\\console\\Command\\Command.php(255): Illuminate\\Console\\Command->execute()
#24 F:\\users\\Surumeika\\LULL_Learning\\掲示板課題フォルダ改\\Bulletin-board-master\\vendor\\laravel\\framework\\src\\Illuminate\\Console\\Command.php(121): Symfony\\Component\\Console\\Command\\Command->run()
#25 F:\\users\\Surumeika\\LULL_Learning\\掲示板課題フォルダ改\\Bulletin-board-master\\vendor\\symfony\\console\\Application.php(1021): Illuminate\\Console\\Command->run()
#26 F:\\users\\Surumeika\\LULL_Learning\\掲示板課題フォルダ改\\Bulletin-board-master\\vendor\\symfony\\console\\Application.php(275): Symfony\\Component\\Console\\Application->doRunCommand()
#27 F:\\users\\Surumeika\\LULL_Learning\\掲示板課題フォルダ改\\Bulletin-board-master\\vendor\\symfony\\console\\Application.php(149): Symfony\\Component\\Console\\Application->doRun()
#28 F:\\users\\Surumeika\\LULL_Learning\\掲示板課題フォルダ改\\Bulletin-board-master\\vendor\\laravel\\framework\\src\\Illuminate\\Console\\Application.php(93): Symfony\\Component\\Console\\Application->run()
#29 F:\\users\\Surumeika\\LULL_Learning\\掲示板課題フォルダ改\\Bulletin-board-master\\vendor\\laravel\\framework\\src\\Illuminate\\Foundation\\Console\\Kernel.php(131): Illuminate\\Console\\Application->run()
#30 F:\\users\\Surumeika\\LULL_Learning\\掲示板課題フォルダ改\\Bulletin-board-master\\artisan(37): Illuminate\\Foundation\\Console\\Kernel->handle()
#31 {main}
"} 
[2022-11-10 06:55:15] local.ERROR: Target class [UsersTableSeeder] does not exist. {"exception":"[object] (Illuminate\\Contracts\\Container\\BindingResolutionException(code: 0): Target class [UsersTableSeeder] does not exist. at F:\\users\\Surumeika\\LULL_Learning\\掲示板課題フォルダ改\\Bulletin-board-master\\vendor\\laravel\\framework\\src\\Illuminate\\Container\\Container.php:805)
[stacktrace]
#0 F:\\users\\Surumeika\\LULL_Learning\\掲示板課題フォルダ改\\Bulletin-board-master\\vendor\\laravel\\framework\\src\\Illuminate\\Container\\Container.php(681): Illuminate\\Container\\Container->build()
#1 F:\\users\\Surumeika\\LULL_Learning\\掲示板課題フォルダ改\\Bulletin-board-master\\vendor\\laravel\\framework\\src\\Illuminate\\Foundation\\Application.php(785): Illuminate\\Container\\Container->resolve()
#2 F:\\users\\Surumeika\\LULL_Learning\\掲示板課題フォルダ改\\Bulletin-board-master\\vendor\\laravel\\framework\\src\\Illuminate\\Container\\Container.php(629): Illuminate\\Foundation\\Application->resolve()
#3 F:\\users\\Surumeika\\LULL_Learning\\掲示板課題フォルダ改\\Bulletin-board-master\\vendor\\laravel\\framework\\src\\Illuminate\\Foundation\\Application.php(770): Illuminate\\Container\\Container->make()
#4 F:\\users\\Surumeika\\LULL_Learning\\掲示板課題フォルダ改\\Bulletin-board-master\\vendor\\laravel\\framework\\src\\Illuminate\\Database\\Seeder.php(80): Illuminate\\Foundation\\Application->make()
#5 F:\\users\\Surumeika\\LULL_Learning\\掲示板課題フォルダ改\\Bulletin-board-master\\vendor\\laravel\\framework\\src\\Illuminate\\Database\\Seeder.php(38): Illuminate\\Database\\Seeder->resolve()
#6 F:\\users\\Surumeika\\LULL_Learning\\掲示板課題フォルダ改\\Bulletin-board-master\\database\\seeds\\DatabaseSeeder.php(14): Illuminate\\Database\\Seeder->call()
#7 F:\\users\\Surumeika\\LULL_Learning\\掲示板課題フォルダ改\\Bulletin-board-master\\vendor\\laravel\\framework\\src\\Illuminate\\Container\\BoundMethod.php(36): DatabaseSeeder->run()
#8 F:\\users\\Surumeika\\LULL_Learning\\掲示板課題フォルダ改\\Bulletin-board-master\\vendor\\laravel\\framework\\src\\Illuminate\\Container\\Util.php(37): Illuminate\\Container\\BoundMethod::Illuminate\\Container\\{closure}()
#9 F:\\users\\Surumeika\\LULL_Learning\\掲示板課題フォルダ改\\Bulletin-board-master\\vendor\\laravel\\framework\\src\\Illuminate\\Container\\BoundMethod.php(93): Illuminate\\Container\\Util::unwrapIfClosure()
#10 F:\\users\\Surumeika\\LULL_Learning\\掲示板課題フォルダ改\\Bulletin-board-master\\vendor\\laravel\\framework\\src\\Illuminate\\Container\\BoundMethod.php(37): Illuminate\\Container\\BoundMethod::callBoundMethod()
#11 F:\\users\\Surumeika\\LULL_Learning\\掲示板課題フォルダ改\\Bulletin-board-master\\vendor\\laravel\\framework\\src\\Illuminate\\Container\\Container.php(590): Illuminate\\Container\\BoundMethod::call()
#12 F:\\users\\Surumeika\\LULL_Learning\\掲示板課題フォルダ改\\Bulletin-board-master\\vendor\\laravel\\framework\\src\\Illuminate\\Database\\Seeder.php(134): Illuminate\\Container\\Container->call()
#13 F:\\users\\Surumeika\\LULL_Learning\\掲示板課題フォルダ改\\Bulletin-board-master\\vendor\\laravel\\framework\\src\\Illuminate\\Database\\Console\\Seeds\\SeedCommand.php(63): Illuminate\\Database\\Seeder->__invoke()
#14 F:\\users\\Surumeika\\LULL_Learning\\掲示板課題フォルダ改\\Bulletin-board-master\\vendor\\laravel\\framework\\src\\Illuminate\\Database\\Eloquent\\Concerns\\GuardsAttributes.php(129): Illuminate\\Database\\Console\\Seeds\\SeedCommand->Illuminate\\Database\\Console\\Seeds\\{closure}()
#15 F:\\users\\Surumeika\\LULL_Learning\\掲示板課題フォルダ改\\Bulletin-board-master\\vendor\\laravel\\framework\\src\\Illuminate\\Database\\Console\\Seeds\\SeedCommand.php(64): Illuminate\\Database\\Eloquent\\Model::unguarded()
#16 F:\\users\\Surumeika\\LULL_Learning\\掲示板課題フォルダ改\\Bulletin-board-master\\vendor\\laravel\\framework\\src\\Illuminate\\Container\\BoundMethod.php(36): Illuminate\\Database\\Console\\Seeds\\SeedCommand->handle()
#17 F:\\users\\Surumeika\\LULL_Learning\\掲示板課題フォルダ改\\Bulletin-board-master\\vendor\\laravel\\framework\\src\\Illuminate\\Container\\Util.php(37): Illuminate\\Container\\BoundMethod::Illuminate\\Container\\{closure}()
#18 F:\\users\\Surumeika\\LULL_Learning\\掲示板課題フォルダ改\\Bulletin-board-master\\vendor\\laravel\\framework\\src\\Illuminate\\Container\\BoundMethod.php(93): Illuminate\\Container\\Util::unwrapIfClosure()
#19 F:\\users\\Surumeika\\LULL_Learning\\掲示板課題フォルダ改\\Bulletin-board-master\\vendor\\laravel\\framework\\src\\Illuminate\\Container\\BoundMethod.php(37): Illuminate\\Container\\BoundMethod::callBoundMethod()
#20 F:\\users\\Surumeika\\LULL_Learning\\掲示板課題フォルダ改\\Bulletin-board-master\\vendor\\laravel\\framework\\src\\Illuminate\\Container\\Container.php(590): Illuminate\\Container\\BoundMethod::call()
#21 F:\\users\\Surumeika\\LULL_Learning\\掲示板課題フォルダ改\\Bulletin-board-master\\vendor\\laravel\\framework\\src\\Illuminate\\Console\\Command.php(134): Illuminate\\Container\\Container->call()
#22 F:\\users\\Surumeika\\LULL_Learning\\掲示板課題フォルダ改\\Bulletin-board-master\\vendor\\symfony\\console\\Command\\Command.php(255): Illuminate\\Console\\Command->execute()
#23 F:\\users\\Surumeika\\LULL_Learning\\掲示板課題フォルダ改\\Bulletin-board-master\\vendor\\laravel\\framework\\src\\Illuminate\\Console\\Command.php(121): Symfony\\Component\\Console\\Command\\Command->run()
#24 F:\\users\\Surumeika\\LULL_Learning\\掲示板課題フォルダ改\\Bulletin-board-master\\vendor\\symfony\\console\\Application.php(1021): Illuminate\\Console\\Command->run()
#25 F:\\users\\Surumeika\\LULL_Learning\\掲示板課題フォルダ改\\Bulletin-board-master\\vendor\\symfony\\console\\Application.php(275): Symfony\\Component\\Console\\Application->doRunCommand()
#26 F:\\users\\Surumeika\\LULL_Learning\\掲示板課題フォルダ改\\Bulletin-board-master\\vendor\\symfony\\console\\Application.php(149): Symfony\\Component\\Console\\Application->doRun()
#27 F:\\users\\Surumeika\\LULL_Learning\\掲示板課題フォルダ改\\Bulletin-board-master\\vendor\\laravel\\framework\\src\\Illuminate\\Console\\Application.php(93): Symfony\\Component\\Console\\Application->run()
#28 F:\\users\\Surumeika\\LULL_Learning\\掲示板課題フォルダ改\\Bulletin-board-master\\vendor\\laravel\\framework\\src\\Illuminate\\Foundation\\Console\\Kernel.php(131): Illuminate\\Console\\Application->run()
#29 F:\\users\\Surumeika\\LULL_Learning\\掲示板課題フォルダ改\\Bulletin-board-master\\artisan(37): Illuminate\\Foundation\\Console\\Kernel->handle()
#30 {main}

[previous exception] [object] (ReflectionException(code: -1): Class \"UsersTableSeeder\" does not exist at F:\\users\\Surumeika\\LULL_Learning\\掲示板課題フォルダ改\\Bulletin-board-master\\vendor\\laravel\\framework\\src\\Illuminate\\Container\\Container.php:803)
[stacktrace]
#0 F:\\users\\Surumeika\\LULL_Learning\\掲示板課題フォルダ改\\Bulletin-board-master\\vendor\\laravel\\framework\\src\\Illuminate\\Container\\Container.php(803): ReflectionClass->__construct()
#1 F:\\users\\Surumeika\\LULL_Learning\\掲示板課題フォルダ改\\Bulletin-board-master\\vendor\\laravel\\framework\\src\\Illuminate\\Container\\Container.php(681): Illuminate\\Container\\Container->build()
#2 F:\\users\\Surumeika\\LULL_Learning\\掲示板課題フォルダ改\\Bulletin-board-master\\vendor\\laravel\\framework\\src\\Illuminate\\Foundation\\Application.php(785): Illuminate\\Container\\Container->resolve()
#3 F:\\users\\Surumeika\\LULL_Learning\\掲示板課題フォルダ改\\Bulletin-board-master\\vendor\\laravel\\framework\\src\\Illuminate\\Container\\Container.php(629): Illuminate\\Foundation\\Application->resolve()
#4 F:\\users\\Surumeika\\LULL_Learning\\掲示板課題フォルダ改\\Bulletin-board-master\\vendor\\laravel\\framework\\src\\Illuminate\\Foundation\\Application.php(770): Illuminate\\Container\\Container->make()
#5 F:\\users\\Surumeika\\LULL_Learning\\掲示板課題フォルダ改\\Bulletin-board-master\\vendor\\laravel\\framework\\src\\Illuminate\\Database\\Seeder.php(80): Illuminate\\Foundation\\Application->make()
#6 F:\\users\\Surumeika\\LULL_Learning\\掲示板課題フォルダ改\\Bulletin-board-master\\vendor\\laravel\\framework\\src\\Illuminate\\Database\\Seeder.php(38): Illuminate\\Database\\Seeder->resolve()
#7 F:\\users\\Surumeika\\LULL_Learning\\掲示板課題フォルダ改\\Bulletin-board-master\\database\\seeds\\DatabaseSeeder.php(14): Illuminate\\Database\\Seeder->call()
#8 F:\\users\\Surumeika\\LULL_Learning\\掲示板課題フォルダ改\\Bulletin-board-master\\vendor\\laravel\\framework\\src\\Illuminate\\Container\\BoundMethod.php(36): DatabaseSeeder->run()
#9 F:\\users\\Surumeika\\LULL_Learning\\掲示板課題フォルダ改\\Bulletin-board-master\\vendor\\laravel\\framework\\src\\Illuminate\\Container\\Util.php(37): Illuminate\\Container\\BoundMethod::Illuminate\\Container\\{closure}()
#10 F:\\users\\Surumeika\\LULL_Learning\\掲示板課題フォルダ改\\Bulletin-board-master\\vendor\\laravel\\framework\\src\\Illuminate\\Container\\BoundMethod.php(93): Illuminate\\Container\\Util::unwrapIfClosure()
#11 F:\\users\\Surumeika\\LULL_Learning\\掲示板課題フォルダ改\\Bulletin-board-master\\vendor\\laravel\\framework\\src\\Illuminate\\Container\\BoundMethod.php(37): Illuminate\\Container\\BoundMethod::callBoundMethod()
#12 F:\\users\\Surumeika\\LULL_Learning\\掲示板課題フォルダ改\\Bulletin-board-master\\vendor\\laravel\\framework\\src\\Illuminate\\Container\\Container.php(590): Illuminate\\Container\\BoundMethod::call()
#13 F:\\users\\Surumeika\\LULL_Learning\\掲示板課題フォルダ改\\Bulletin-board-master\\vendor\\laravel\\framework\\src\\Illuminate\\Database\\Seeder.php(134): Illuminate\\Container\\Container->call()
#14 F:\\users\\Surumeika\\LULL_Learning\\掲示板課題フォルダ改\\Bulletin-board-master\\vendor\\laravel\\framework\\src\\Illuminate\\Database\\Console\\Seeds\\SeedCommand.php(63): Illuminate\\Database\\Seeder->__invoke()
#15 F:\\users\\Surumeika\\LULL_Learning\\掲示板課題フォルダ改\\Bulletin-board-master\\vendor\\laravel\\framework\\src\\Illuminate\\Database\\Eloquent\\Concerns\\GuardsAttributes.php(129): Illuminate\\Database\\Console\\Seeds\\SeedCommand->Illuminate\\Database\\Console\\Seeds\\{closure}()
#16 F:\\users\\Surumeika\\LULL_Learning\\掲示板課題フォルダ改\\Bulletin-board-master\\vendor\\laravel\\framework\\src\\Illuminate\\Database\\Console\\Seeds\\SeedCommand.php(64): Illuminate\\Database\\Eloquent\\Model::unguarded()
#17 F:\\users\\Surumeika\\LULL_Learning\\掲示板課題フォルダ改\\Bulletin-board-master\\vendor\\laravel\\framework\\src\\Illuminate\\Container\\BoundMethod.php(36): Illuminate\\Database\\Console\\Seeds\\SeedCommand->handle()
#18 F:\\users\\Surumeika\\LULL_Learning\\掲示板課題フォルダ改\\Bulletin-board-master\\vendor\\laravel\\framework\\src\\Illuminate\\Container\\Util.php(37): Illuminate\\Container\\BoundMethod::Illuminate\\Container\\{closure}()
#19 F:\\users\\Surumeika\\LULL_Learning\\掲示板課題フォルダ改\\Bulletin-board-master\\vendor\\laravel\\framework\\src\\Illuminate\\Container\\BoundMethod.php(93): Illuminate\\Container\\Util::unwrapIfClosure()
#20 F:\\users\\Surumeika\\LULL_Learning\\掲示板課題フォルダ改\\Bulletin-board-master\\vendor\\laravel\\framework\\src\\Illuminate\\Container\\BoundMethod.php(37): Illuminate\\Container\\BoundMethod::callBoundMethod()
#21 F:\\users\\Surumeika\\LULL_Learning\\掲示板課題フォルダ改\\Bulletin-board-master\\vendor\\laravel\\framework\\src\\Illuminate\\Container\\Container.php(590): Illuminate\\Container\\BoundMethod::call()
#22 F:\\users\\Surumeika\\LULL_Learning\\掲示板課題フォルダ改\\Bulletin-board-master\\vendor\\laravel\\framework\\src\\Illuminate\\Console\\Command.php(134): Illuminate\\Container\\Container->call()
#23 F:\\users\\Surumeika\\LULL_Learning\\掲示板課題フォルダ改\\Bulletin-board-master\\vendor\\symfony\\console\\Command\\Command.php(255): Illuminate\\Console\\Command->execute()
#24 F:\\users\\Surumeika\\LULL_Learning\\掲示板課題フォルダ改\\Bulletin-board-master\\vendor\\laravel\\framework\\src\\Illuminate\\Console\\Command.php(121): Symfony\\Component\\Console\\Command\\Command->run()
#25 F:\\users\\Surumeika\\LULL_Learning\\掲示板課題フォルダ改\\Bulletin-board-master\\vendor\\symfony\\console\\Application.php(1021): Illuminate\\Console\\Command->run()
#26 F:\\users\\Surumeika\\LULL_Learning\\掲示板課題フォルダ改\\Bulletin-board-master\\vendor\\symfony\\console\\Application.php(275): Symfony\\Component\\Console\\Application->doRunCommand()
#27 F:\\users\\Surumeika\\LULL_Learning\\掲示板課題フォルダ改\\Bulletin-board-master\\vendor\\symfony\\console\\Application.php(149): Symfony\\Component\\Console\\Application->doRun()
#28 F:\\users\\Surumeika\\LULL_Learning\\掲示板課題フォルダ改\\Bulletin-board-master\\vendor\\laravel\\framework\\src\\Illuminate\\Console\\Application.php(93): Symfony\\Component\\Console\\Application->run()
#29 F:\\users\\Surumeika\\LULL_Learning\\掲示板課題フォルダ改\\Bulletin-board-master\\vendor\\laravel\\framework\\src\\Illuminate\\Foundation\\Console\\Kernel.php(131): Illuminate\\Console\\Application->run()
#30 F:\\users\\Surumeika\\LULL_Learning\\掲示板課題フォルダ改\\Bulletin-board-master\\artisan(37): Illuminate\\Foundation\\Console\\Kernel->handle()
#31 {main}
"} 
[2022-11-10 06:55:52] local.ERROR: SQLSTATE[42S02]: Base table or view not found: 1146 Table 'bulletinboard.gantt_chart_records' doesn't exist (SQL: alter table `gantt_chart_records` drop foreign key `gantt_chart_records_user_id_foreign`) {"exception":"[object] (Illuminate\\Database\\QueryException(code: 42S02): SQLSTATE[42S02]: Base table or view not found: 1146 Table 'bulletinboard.gantt_chart_records' doesn't exist (SQL: alter table `gantt_chart_records` drop foreign key `gantt_chart_records_user_id_foreign`) at F:\\users\\Surumeika\\LULL_Learning\\掲示板課題フォルダ改\\Bulletin-board-master\\vendor\\laravel\\framework\\src\\Illuminate\\Database\\Connection.php:669)
[stacktrace]
#0 F:\\users\\Surumeika\\LULL_Learning\\掲示板課題フォルダ改\\Bulletin-board-master\\vendor\\laravel\\framework\\src\\Illuminate\\Database\\Connection.php(629): Illuminate\\Database\\Connection->runQueryCallback()
#1 F:\\users\\Surumeika\\LULL_Learning\\掲示板課題フォルダ改\\Bulletin-board-master\\vendor\\laravel\\framework\\src\\Illuminate\\Database\\Connection.php(464): Illuminate\\Database\\Connection->run()
#2 F:\\users\\Surumeika\\LULL_Learning\\掲示板課題フォルダ改\\Bulletin-board-master\\vendor\\laravel\\framework\\src\\Illuminate\\Database\\Schema\\Blueprint.php(97): Illuminate\\Database\\Connection->statement()
#3 F:\\users\\Surumeika\\LULL_Learning\\掲示板課題フォルダ改\\Bulletin-board-master\\vendor\\laravel\\framework\\src\\Illuminate\\Database\\Schema\\Builder.php(290): Illuminate\\Database\\Schema\\Blueprint->build()
#4 F:\\users\\Surumeika\\LULL_Learning\\掲示板課題フォルダ改\\Bulletin-board-master\\vendor\\laravel\\framework\\src\\Illuminate\\Database\\Schema\\Builder.php(151): Illuminate\\Database\\Schema\\Builder->build()
#5 F:\\users\\Surumeika\\LULL_Learning\\掲示板課題フォルダ改\\Bulletin-board-master\\vendor\\laravel\\framework\\src\\Illuminate\\Support\\Facades\\Facade.php(261): Illuminate\\Database\\Schema\\Builder->table()
#6 F:\\users\\Surumeika\\LULL_Learning\\掲示板課題フォルダ改\\Bulletin-board-master\\database\\migrations\\2021_07_01_000001_add_foreign_key_post_comments_table.php(46): Illuminate\\Support\\Facades\\Facade::__callStatic()
#7 F:\\users\\Surumeika\\LULL_Learning\\掲示板課題フォルダ改\\Bulletin-board-master\\vendor\\laravel\\framework\\src\\Illuminate\\Database\\Migrations\\Migrator.php(392): AddForeignKeyPostCommentsTable->down()
#8 F:\\users\\Surumeika\\LULL_Learning\\掲示板課題フォルダ改\\Bulletin-board-master\\vendor\\laravel\\framework\\src\\Illuminate\\Database\\Migrations\\Migrator.php(401): Illuminate\\Database\\Migrations\\Migrator->Illuminate\\Database\\Migrations\\{closure}()
#9 F:\\users\\Surumeika\\LULL_Learning\\掲示板課題フォルダ改\\Bulletin-board-master\\vendor\\laravel\\framework\\src\\Illuminate\\Database\\Migrations\\Migrator.php(363): Illuminate\\Database\\Migrations\\Migrator->runMigration()
#10 F:\\users\\Surumeika\\LULL_Learning\\掲示板課題フォルダ改\\Bulletin-board-master\\vendor\\laravel\\framework\\src\\Illuminate\\Database\\Migrations\\Migrator.php(284): Illuminate\\Database\\Migrations\\Migrator->runDown()
#11 F:\\users\\Surumeika\\LULL_Learning\\掲示板課題フォルダ改\\Bulletin-board-master\\vendor\\laravel\\framework\\src\\Illuminate\\Database\\Migrations\\Migrator.php(334): Illuminate\\Database\\Migrations\\Migrator->rollbackMigrations()
#12 F:\\users\\Surumeika\\LULL_Learning\\掲示板課題フォルダ改\\Bulletin-board-master\\vendor\\laravel\\framework\\src\\Illuminate\\Database\\Migrations\\Migrator.php(313): Illuminate\\Database\\Migrations\\Migrator->resetMigrations()
#13 F:\\users\\Surumeika\\LULL_Learning\\掲示板課題フォルダ改\\Bulletin-board-master\\vendor\\laravel\\framework\\src\\Illuminate\\Database\\Console\\Migrations\\ResetCommand.php(68): Illuminate\\Database\\Migrations\\Migrator->reset()
#14 F:\\users\\Surumeika\\LULL_Learning\\掲示板課題フォルダ改\\Bulletin-board-master\\vendor\\laravel\\framework\\src\\Illuminate\\Container\\BoundMethod.php(36): Illuminate\\Database\\Console\\Migrations\\ResetCommand->handle()
#15 F:\\users\\Surumeika\\LULL_Learning\\掲示板課題フォルダ改\\Bulletin-board-master\\vendor\\laravel\\framework\\src\\Illuminate\\Container\\Util.php(37): Illuminate\\Container\\BoundMethod::Illuminate\\Container\\{closure}()
#16 F:\\users\\Surumeika\\LULL_Learning\\掲示板課題フォルダ改\\Bulletin-board-master\\vendor\\laravel\\framework\\src\\Illuminate\\Container\\BoundMethod.php(93): Illuminate\\Container\\Util::unwrapIfClosure()
#17 F:\\users\\Surumeika\\LULL_Learning\\掲示板課題フォルダ改\\Bulletin-board-master\\vendor\\laravel\\framework\\src\\Illuminate\\Container\\BoundMethod.php(37): Illuminate\\Container\\BoundMethod::callBoundMethod()
#18 F:\\users\\Surumeika\\LULL_Learning\\掲示板課題フォルダ改\\Bulletin-board-master\\vendor\\laravel\\framework\\src\\Illuminate\\Container\\Container.php(590): Illuminate\\Container\\BoundMethod::call()
#19 F:\\users\\Surumeika\\LULL_Learning\\掲示板課題フォルダ改\\Bulletin-board-master\\vendor\\laravel\\framework\\src\\Illuminate\\Console\\Command.php(134): Illuminate\\Container\\Container->call()
#20 F:\\users\\Surumeika\\LULL_Learning\\掲示板課題フォルダ改\\Bulletin-board-master\\vendor\\symfony\\console\\Command\\Command.php(255): Illuminate\\Console\\Command->execute()
#21 F:\\users\\Surumeika\\LULL_Learning\\掲示板課題フォルダ改\\Bulletin-board-master\\vendor\\laravel\\framework\\src\\Illuminate\\Console\\Command.php(121): Symfony\\Component\\Console\\Command\\Command->run()
#22 F:\\users\\Surumeika\\LULL_Learning\\掲示板課題フォルダ改\\Bulletin-board-master\\vendor\\laravel\\framework\\src\\Illuminate\\Console\\Concerns\\CallsCommands.php(56): Illuminate\\Console\\Command->run()
#23 F:\\users\\Surumeika\\LULL_Learning\\掲示板課題フォルダ改\\Bulletin-board-master\\vendor\\laravel\\framework\\src\\Illuminate\\Console\\Concerns\\CallsCommands.php(28): Illuminate\\Console\\Command->runCommand()
#24 F:\\users\\Surumeika\\LULL_Learning\\掲示板課題フォルダ改\\Bulletin-board-master\\vendor\\laravel\\framework\\src\\Illuminate\\Database\\Console\\Migrations\\RefreshCommand.php(100): Illuminate\\Console\\Command->call()
#25 F:\\users\\Surumeika\\LULL_Learning\\掲示板課題フォルダ改\\Bulletin-board-master\\vendor\\laravel\\framework\\src\\Illuminate\\Database\\Console\\Migrations\\RefreshCommand.php(53): Illuminate\\Database\\Console\\Migrations\\RefreshCommand->runReset()
#26 F:\\users\\Surumeika\\LULL_Learning\\掲示板課題フォルダ改\\Bulletin-board-master\\vendor\\laravel\\framework\\src\\Illuminate\\Container\\BoundMethod.php(36): Illuminate\\Database\\Console\\Migrations\\RefreshCommand->handle()
#27 F:\\users\\Surumeika\\LULL_Learning\\掲示板課題フォルダ改\\Bulletin-board-master\\vendor\\laravel\\framework\\src\\Illuminate\\Container\\Util.php(37): Illuminate\\Container\\BoundMethod::Illuminate\\Container\\{closure}()
#28 F:\\users\\Surumeika\\LULL_Learning\\掲示板課題フォルダ改\\Bulletin-board-master\\vendor\\laravel\\framework\\src\\Illuminate\\Container\\BoundMethod.php(93): Illuminate\\Container\\Util::unwrapIfClosure()
#29 F:\\users\\Surumeika\\LULL_Learning\\掲示板課題フォルダ改\\Bulletin-board-master\\vendor\\laravel\\framework\\src\\Illuminate\\Container\\BoundMethod.php(37): Illuminate\\Container\\BoundMethod::callBoundMethod()
#30 F:\\users\\Surumeika\\LULL_Learning\\掲示板課題フォルダ改\\Bulletin-board-master\\vendor\\laravel\\framework\\src\\Illuminate\\Container\\Container.php(590): Illuminate\\Container\\BoundMethod::call()
#31 F:\\users\\Surumeika\\LULL_Learning\\掲示板課題フォルダ改\\Bulletin-board-master\\vendor\\laravel\\framework\\src\\Illuminate\\Console\\Command.php(134): Illuminate\\Container\\Container->call()
#32 F:\\users\\Surumeika\\LULL_Learning\\掲示板課題フォルダ改\\Bulletin-board-master\\vendor\\symfony\\console\\Command\\Command.php(255): Illuminate\\Console\\Command->execute()
#33 F:\\users\\Surumeika\\LULL_Learning\\掲示板課題フォルダ改\\Bulletin-board-master\\vendor\\laravel\\framework\\src\\Illuminate\\Console\\Command.php(121): Symfony\\Component\\Console\\Command\\Command->run()
#34 F:\\users\\Surumeika\\LULL_Learning\\掲示板課題フォルダ改\\Bulletin-board-master\\vendor\\symfony\\console\\Application.php(1021): Illuminate\\Console\\Command->run()
#35 F:\\users\\Surumeika\\LULL_Learning\\掲示板課題フォルダ改\\Bulletin-board-master\\vendor\\symfony\\console\\Application.php(275): Symfony\\Component\\Console\\Application->doRunCommand()
#36 F:\\users\\Surumeika\\LULL_Learning\\掲示板課題フォルダ改\\Bulletin-board-master\\vendor\\symfony\\console\\Application.php(149): Symfony\\Component\\Console\\Application->doRun()
#37 F:\\users\\Surumeika\\LULL_Learning\\掲示板課題フォルダ改\\Bulletin-board-master\\vendor\\laravel\\framework\\src\\Illuminate\\Console\\Application.php(93): Symfony\\Component\\Console\\Application->run()
#38 F:\\users\\Surumeika\\LULL_Learning\\掲示板課題フォルダ改\\Bulletin-board-master\\vendor\\laravel\\framework\\src\\Illuminate\\Foundation\\Console\\Kernel.php(131): Illuminate\\Console\\Application->run()
#39 F:\\users\\Surumeika\\LULL_Learning\\掲示板課題フォルダ改\\Bulletin-board-master\\artisan(37): Illuminate\\Foundation\\Console\\Kernel->handle()
#40 {main}

[previous exception] [object] (PDOException(code: 42S02): SQLSTATE[42S02]: Base table or view not found: 1146 Table 'bulletinboard.gantt_chart_records' doesn't exist at F:\\users\\Surumeika\\LULL_Learning\\掲示板課題フォルダ改\\Bulletin-board-master\\vendor\\laravel\\framework\\src\\Illuminate\\Database\\Connection.php:463)
[stacktrace]
#0 F:\\users\\Surumeika\\LULL_Learning\\掲示板課題フォルダ改\\Bulletin-board-master\\vendor\\laravel\\framework\\src\\Illuminate\\Database\\Connection.php(463): PDOStatement->execute()
#1 F:\\users\\Surumeika\\LULL_Learning\\掲示板課題フォルダ改\\Bulletin-board-master\\vendor\\laravel\\framework\\src\\Illuminate\\Database\\Connection.php(662): Illuminate\\Database\\Connection->Illuminate\\Database\\{closure}()
#2 F:\\users\\Surumeika\\LULL_Learning\\掲示板課題フォルダ改\\Bulletin-board-master\\vendor\\laravel\\framework\\src\\Illuminate\\Database\\Connection.php(629): Illuminate\\Database\\Connection->runQueryCallback()
#3 F:\\users\\Surumeika\\LULL_Learning\\掲示板課題フォルダ改\\Bulletin-board-master\\vendor\\laravel\\framework\\src\\Illuminate\\Database\\Connection.php(464): Illuminate\\Database\\Connection->run()
#4 F:\\users\\Surumeika\\LULL_Learning\\掲示板課題フォルダ改\\Bulletin-board-master\\vendor\\laravel\\framework\\src\\Illuminate\\Database\\Schema\\Blueprint.php(97): Illuminate\\Database\\Connection->statement()
#5 F:\\users\\Surumeika\\LULL_Learning\\掲示板課題フォルダ改\\Bulletin-board-master\\vendor\\laravel\\framework\\src\\Illuminate\\Database\\Schema\\Builder.php(290): Illuminate\\Database\\Schema\\Blueprint->build()
#6 F:\\users\\Surumeika\\LULL_Learning\\掲示板課題フォルダ改\\Bulletin-board-master\\vendor\\laravel\\framework\\src\\Illuminate\\Database\\Schema\\Builder.php(151): Illuminate\\Database\\Schema\\Builder->build()
#7 F:\\users\\Surumeika\\LULL_Learning\\掲示板課題フォルダ改\\Bulletin-board-master\\vendor\\laravel\\framework\\src\\Illuminate\\Support\\Facades\\Facade.php(261): Illuminate\\Database\\Schema\\Builder->table()
#8 F:\\users\\Surumeika\\LULL_Learning\\掲示板課題フォルダ改\\Bulletin-board-master\\database\\migrations\\2021_07_01_000001_add_foreign_key_post_comments_table.php(46): Illuminate\\Support\\Facades\\Facade::__callStatic()
#9 F:\\users\\Surumeika\\LULL_Learning\\掲示板課題フォルダ改\\Bulletin-board-master\\vendor\\laravel\\framework\\src\\Illuminate\\Database\\Migrations\\Migrator.php(392): AddForeignKeyPostCommentsTable->down()
#10 F:\\users\\Surumeika\\LULL_Learning\\掲示板課題フォルダ改\\Bulletin-board-master\\vendor\\laravel\\framework\\src\\Illuminate\\Database\\Migrations\\Migrator.php(401): Illuminate\\Database\\Migrations\\Migrator->Illuminate\\Database\\Migrations\\{closure}()
#11 F:\\users\\Surumeika\\LULL_Learning\\掲示板課題フォルダ改\\Bulletin-board-master\\vendor\\laravel\\framework\\src\\Illuminate\\Database\\Migrations\\Migrator.php(363): Illuminate\\Database\\Migrations\\Migrator->runMigration()
#12 F:\\users\\Surumeika\\LULL_Learning\\掲示板課題フォルダ改\\Bulletin-board-master\\vendor\\laravel\\framework\\src\\Illuminate\\Database\\Migrations\\Migrator.php(284): Illuminate\\Database\\Migrations\\Migrator->runDown()
#13 F:\\users\\Surumeika\\LULL_Learning\\掲示板課題フォルダ改\\Bulletin-board-master\\vendor\\laravel\\framework\\src\\Illuminate\\Database\\Migrations\\Migrator.php(334): Illuminate\\Database\\Migrations\\Migrator->rollbackMigrations()
#14 F:\\users\\Surumeika\\LULL_Learning\\掲示板課題フォルダ改\\Bulletin-board-master\\vendor\\laravel\\framework\\src\\Illuminate\\Database\\Migrations\\Migrator.php(313): Illuminate\\Database\\Migrations\\Migrator->resetMigrations()
#15 F:\\users\\Surumeika\\LULL_Learning\\掲示板課題フォルダ改\\Bulletin-board-master\\vendor\\laravel\\framework\\src\\Illuminate\\Database\\Console\\Migrations\\ResetCommand.php(68): Illuminate\\Database\\Migrations\\Migrator->reset()
#16 F:\\users\\Surumeika\\LULL_Learning\\掲示板課題フォルダ改\\Bulletin-board-master\\vendor\\laravel\\framework\\src\\Illuminate\\Container\\BoundMethod.php(36): Illuminate\\Database\\Console\\Migrations\\ResetCommand->handle()
#17 F:\\users\\Surumeika\\LULL_Learning\\掲示板課題フォルダ改\\Bulletin-board-master\\vendor\\laravel\\framework\\src\\Illuminate\\Container\\Util.php(37): Illuminate\\Container\\BoundMethod::Illuminate\\Container\\{closure}()
#18 F:\\users\\Surumeika\\LULL_Learning\\掲示板課題フォルダ改\\Bulletin-board-master\\vendor\\laravel\\framework\\src\\Illuminate\\Container\\BoundMethod.php(93): Illuminate\\Container\\Util::unwrapIfClosure()
#19 F:\\users\\Surumeika\\LULL_Learning\\掲示板課題フォルダ改\\Bulletin-board-master\\vendor\\laravel\\framework\\src\\Illuminate\\Container\\BoundMethod.php(37): Illuminate\\Container\\BoundMethod::callBoundMethod()
#20 F:\\users\\Surumeika\\LULL_Learning\\掲示板課題フォルダ改\\Bulletin-board-master\\vendor\\laravel\\framework\\src\\Illuminate\\Container\\Container.php(590): Illuminate\\Container\\BoundMethod::call()
#21 F:\\users\\Surumeika\\LULL_Learning\\掲示板課題フォルダ改\\Bulletin-board-master\\vendor\\laravel\\framework\\src\\Illuminate\\Console\\Command.php(134): Illuminate\\Container\\Container->call()
#22 F:\\users\\Surumeika\\LULL_Learning\\掲示板課題フォルダ改\\Bulletin-board-master\\vendor\\symfony\\console\\Command\\Command.php(255): Illuminate\\Console\\Command->execute()
#23 F:\\users\\Surumeika\\LULL_Learning\\掲示板課題フォルダ改\\Bulletin-board-master\\vendor\\laravel\\framework\\src\\Illuminate\\Console\\Command.php(121): Symfony\\Component\\Console\\Command\\Command->run()
#24 F:\\users\\Surumeika\\LULL_Learning\\掲示板課題フォルダ改\\Bulletin-board-master\\vendor\\laravel\\framework\\src\\Illuminate\\Console\\Concerns\\CallsCommands.php(56): Illuminate\\Console\\Command->run()
#25 F:\\users\\Surumeika\\LULL_Learning\\掲示板課題フォルダ改\\Bulletin-board-master\\vendor\\laravel\\framework\\src\\Illuminate\\Console\\Concerns\\CallsCommands.php(28): Illuminate\\Console\\Command->runCommand()
#26 F:\\users\\Surumeika\\LULL_Learning\\掲示板課題フォルダ改\\Bulletin-board-master\\vendor\\laravel\\framework\\src\\Illuminate\\Database\\Console\\Migrations\\RefreshCommand.php(100): Illuminate\\Console\\Command->call()
#27 F:\\users\\Surumeika\\LULL_Learning\\掲示板課題フォルダ改\\Bulletin-board-master\\vendor\\laravel\\framework\\src\\Illuminate\\Database\\Console\\Migrations\\RefreshCommand.php(53): Illuminate\\Database\\Console\\Migrations\\RefreshCommand->runReset()
#28 F:\\users\\Surumeika\\LULL_Learning\\掲示板課題フォルダ改\\Bulletin-board-master\\vendor\\laravel\\framework\\src\\Illuminate\\Container\\BoundMethod.php(36): Illuminate\\Database\\Console\\Migrations\\RefreshCommand->handle()
#29 F:\\users\\Surumeika\\LULL_Learning\\掲示板課題フォルダ改\\Bulletin-board-master\\vendor\\laravel\\framework\\src\\Illuminate\\Container\\Util.php(37): Illuminate\\Container\\BoundMethod::Illuminate\\Container\\{closure}()
#30 F:\\users\\Surumeika\\LULL_Learning\\掲示板課題フォルダ改\\Bulletin-board-master\\vendor\\laravel\\framework\\src\\Illuminate\\Container\\BoundMethod.php(93): Illuminate\\Container\\Util::unwrapIfClosure()
#31 F:\\users\\Surumeika\\LULL_Learning\\掲示板課題フォルダ改\\Bulletin-board-master\\vendor\\laravel\\framework\\src\\Illuminate\\Container\\BoundMethod.php(37): Illuminate\\Container\\BoundMethod::callBoundMethod()
#32 F:\\users\\Surumeika\\LULL_Learning\\掲示板課題フォルダ改\\Bulletin-board-master\\vendor\\laravel\\framework\\src\\Illuminate\\Container\\Container.php(590): Illuminate\\Container\\BoundMethod::call()
#33 F:\\users\\Surumeika\\LULL_Learning\\掲示板課題フォルダ改\\Bulletin-board-master\\vendor\\laravel\\framework\\src\\Illuminate\\Console\\Command.php(134): Illuminate\\Container\\Container->call()
#34 F:\\users\\Surumeika\\LULL_Learning\\掲示板課題フォルダ改\\Bulletin-board-master\\vendor\\symfony\\console\\Command\\Command.php(255): Illuminate\\Console\\Command->execute()
#35 F:\\users\\Surumeika\\LULL_Learning\\掲示板課題フォルダ改\\Bulletin-board-master\\vendor\\laravel\\framework\\src\\Illuminate\\Console\\Command.php(121): Symfony\\Component\\Console\\Command\\Command->run()
#36 F:\\users\\Surumeika\\LULL_Learning\\掲示板課題フォルダ改\\Bulletin-board-master\\vendor\\symfony\\console\\Application.php(1021): Illuminate\\Console\\Command->run()
#37 F:\\users\\Surumeika\\LULL_Learning\\掲示板課題フォルダ改\\Bulletin-board-master\\vendor\\symfony\\console\\Application.php(275): Symfony\\Component\\Console\\Application->doRunCommand()
#38 F:\\users\\Surumeika\\LULL_Learning\\掲示板課題フォルダ改\\Bulletin-board-master\\vendor\\symfony\\console\\Application.php(149): Symfony\\Component\\Console\\Application->doRun()
#39 F:\\users\\Surumeika\\LULL_Learning\\掲示板課題フォルダ改\\Bulletin-board-master\\vendor\\laravel\\framework\\src\\Illuminate\\Console\\Application.php(93): Symfony\\Component\\Console\\Application->run()
#40 F:\\users\\Surumeika\\LULL_Learning\\掲示板課題フォルダ改\\Bulletin-board-master\\vendor\\laravel\\framework\\src\\Illuminate\\Foundation\\Console\\Kernel.php(131): Illuminate\\Console\\Application->run()
#41 F:\\users\\Surumeika\\LULL_Learning\\掲示板課題フォルダ改\\Bulletin-board-master\\artisan(37): Illuminate\\Foundation\\Console\\Kernel->handle()
#42 {main}
"} 
[2022-11-10 06:56:01] local.ERROR: Target class [UsersTableSeeder] does not exist. {"exception":"[object] (Illuminate\\Contracts\\Container\\BindingResolutionException(code: 0): Target class [UsersTableSeeder] does not exist. at F:\\users\\Surumeika\\LULL_Learning\\掲示板課題フォルダ改\\Bulletin-board-master\\vendor\\laravel\\framework\\src\\Illuminate\\Container\\Container.php:805)
[stacktrace]
#0 F:\\users\\Surumeika\\LULL_Learning\\掲示板課題フォルダ改\\Bulletin-board-master\\vendor\\laravel\\framework\\src\\Illuminate\\Container\\Container.php(681): Illuminate\\Container\\Container->build()
#1 F:\\users\\Surumeika\\LULL_Learning\\掲示板課題フォルダ改\\Bulletin-board-master\\vendor\\laravel\\framework\\src\\Illuminate\\Foundation\\Application.php(785): Illuminate\\Container\\Container->resolve()
#2 F:\\users\\Surumeika\\LULL_Learning\\掲示板課題フォルダ改\\Bulletin-board-master\\vendor\\laravel\\framework\\src\\Illuminate\\Container\\Container.php(629): Illuminate\\Foundation\\Application->resolve()
#3 F:\\users\\Surumeika\\LULL_Learning\\掲示板課題フォルダ改\\Bulletin-board-master\\vendor\\laravel\\framework\\src\\Illuminate\\Foundation\\Application.php(770): Illuminate\\Container\\Container->make()
#4 F:\\users\\Surumeika\\LULL_Learning\\掲示板課題フォルダ改\\Bulletin-board-master\\vendor\\laravel\\framework\\src\\Illuminate\\Database\\Seeder.php(80): Illuminate\\Foundation\\Application->make()
#5 F:\\users\\Surumeika\\LULL_Learning\\掲示板課題フォルダ改\\Bulletin-board-master\\vendor\\laravel\\framework\\src\\Illuminate\\Database\\Seeder.php(38): Illuminate\\Database\\Seeder->resolve()
#6 F:\\users\\Surumeika\\LULL_Learning\\掲示板課題フォルダ改\\Bulletin-board-master\\database\\seeds\\DatabaseSeeder.php(14): Illuminate\\Database\\Seeder->call()
#7 F:\\users\\Surumeika\\LULL_Learning\\掲示板課題フォルダ改\\Bulletin-board-master\\vendor\\laravel\\framework\\src\\Illuminate\\Container\\BoundMethod.php(36): DatabaseSeeder->run()
#8 F:\\users\\Surumeika\\LULL_Learning\\掲示板課題フォルダ改\\Bulletin-board-master\\vendor\\laravel\\framework\\src\\Illuminate\\Container\\Util.php(37): Illuminate\\Container\\BoundMethod::Illuminate\\Container\\{closure}()
#9 F:\\users\\Surumeika\\LULL_Learning\\掲示板課題フォルダ改\\Bulletin-board-master\\vendor\\laravel\\framework\\src\\Illuminate\\Container\\BoundMethod.php(93): Illuminate\\Container\\Util::unwrapIfClosure()
#10 F:\\users\\Surumeika\\LULL_Learning\\掲示板課題フォルダ改\\Bulletin-board-master\\vendor\\laravel\\framework\\src\\Illuminate\\Container\\BoundMethod.php(37): Illuminate\\Container\\BoundMethod::callBoundMethod()
#11 F:\\users\\Surumeika\\LULL_Learning\\掲示板課題フォルダ改\\Bulletin-board-master\\vendor\\laravel\\framework\\src\\Illuminate\\Container\\Container.php(590): Illuminate\\Container\\BoundMethod::call()
#12 F:\\users\\Surumeika\\LULL_Learning\\掲示板課題フォルダ改\\Bulletin-board-master\\vendor\\laravel\\framework\\src\\Illuminate\\Database\\Seeder.php(134): Illuminate\\Container\\Container->call()
#13 F:\\users\\Surumeika\\LULL_Learning\\掲示板課題フォルダ改\\Bulletin-board-master\\vendor\\laravel\\framework\\src\\Illuminate\\Database\\Console\\Seeds\\SeedCommand.php(63): Illuminate\\Database\\Seeder->__invoke()
#14 F:\\users\\Surumeika\\LULL_Learning\\掲示板課題フォルダ改\\Bulletin-board-master\\vendor\\laravel\\framework\\src\\Illuminate\\Database\\Eloquent\\Concerns\\GuardsAttributes.php(129): Illuminate\\Database\\Console\\Seeds\\SeedCommand->Illuminate\\Database\\Console\\Seeds\\{closure}()
#15 F:\\users\\Surumeika\\LULL_Learning\\掲示板課題フォルダ改\\Bulletin-board-master\\vendor\\laravel\\framework\\src\\Illuminate\\Database\\Console\\Seeds\\SeedCommand.php(64): Illuminate\\Database\\Eloquent\\Model::unguarded()
#16 F:\\users\\Surumeika\\LULL_Learning\\掲示板課題フォルダ改\\Bulletin-board-master\\vendor\\laravel\\framework\\src\\Illuminate\\Container\\BoundMethod.php(36): Illuminate\\Database\\Console\\Seeds\\SeedCommand->handle()
#17 F:\\users\\Surumeika\\LULL_Learning\\掲示板課題フォルダ改\\Bulletin-board-master\\vendor\\laravel\\framework\\src\\Illuminate\\Container\\Util.php(37): Illuminate\\Container\\BoundMethod::Illuminate\\Container\\{closure}()
#18 F:\\users\\Surumeika\\LULL_Learning\\掲示板課題フォルダ改\\Bulletin-board-master\\vendor\\laravel\\framework\\src\\Illuminate\\Container\\BoundMethod.php(93): Illuminate\\Container\\Util::unwrapIfClosure()
#19 F:\\users\\Surumeika\\LULL_Learning\\掲示板課題フォルダ改\\Bulletin-board-master\\vendor\\laravel\\framework\\src\\Illuminate\\Container\\BoundMethod.php(37): Illuminate\\Container\\BoundMethod::callBoundMethod()
#20 F:\\users\\Surumeika\\LULL_Learning\\掲示板課題フォルダ改\\Bulletin-board-master\\vendor\\laravel\\framework\\src\\Illuminate\\Container\\Container.php(590): Illuminate\\Container\\BoundMethod::call()
#21 F:\\users\\Surumeika\\LULL_Learning\\掲示板課題フォルダ改\\Bulletin-board-master\\vendor\\laravel\\framework\\src\\Illuminate\\Console\\Command.php(134): Illuminate\\Container\\Container->call()
#22 F:\\users\\Surumeika\\LULL_Learning\\掲示板課題フォルダ改\\Bulletin-board-master\\vendor\\symfony\\console\\Command\\Command.php(255): Illuminate\\Console\\Command->execute()
#23 F:\\users\\Surumeika\\LULL_Learning\\掲示板課題フォルダ改\\Bulletin-board-master\\vendor\\laravel\\framework\\src\\Illuminate\\Console\\Command.php(121): Symfony\\Component\\Console\\Command\\Command->run()
#24 F:\\users\\Surumeika\\LULL_Learning\\掲示板課題フォルダ改\\Bulletin-board-master\\vendor\\symfony\\console\\Application.php(1021): Illuminate\\Console\\Command->run()
#25 F:\\users\\Surumeika\\LULL_Learning\\掲示板課題フォルダ改\\Bulletin-board-master\\vendor\\symfony\\console\\Application.php(275): Symfony\\Component\\Console\\Application->doRunCommand()
#26 F:\\users\\Surumeika\\LULL_Learning\\掲示板課題フォルダ改\\Bulletin-board-master\\vendor\\symfony\\console\\Application.php(149): Symfony\\Component\\Console\\Application->doRun()
#27 F:\\users\\Surumeika\\LULL_Learning\\掲示板課題フォルダ改\\Bulletin-board-master\\vendor\\laravel\\framework\\src\\Illuminate\\Console\\Application.php(93): Symfony\\Component\\Console\\Application->run()
#28 F:\\users\\Surumeika\\LULL_Learning\\掲示板課題フォルダ改\\Bulletin-board-master\\vendor\\laravel\\framework\\src\\Illuminate\\Foundation\\Console\\Kernel.php(131): Illuminate\\Console\\Application->run()
#29 F:\\users\\Surumeika\\LULL_Learning\\掲示板課題フォルダ改\\Bulletin-board-master\\artisan(37): Illuminate\\Foundation\\Console\\Kernel->handle()
#30 {main}

[previous exception] [object] (ReflectionException(code: -1): Class \"UsersTableSeeder\" does not exist at F:\\users\\Surumeika\\LULL_Learning\\掲示板課題フォルダ改\\Bulletin-board-master\\vendor\\laravel\\framework\\src\\Illuminate\\Container\\Container.php:803)
[stacktrace]
#0 F:\\users\\Surumeika\\LULL_Learning\\掲示板課題フォルダ改\\Bulletin-board-master\\vendor\\laravel\\framework\\src\\Illuminate\\Container\\Container.php(803): ReflectionClass->__construct()
#1 F:\\users\\Surumeika\\LULL_Learning\\掲示板課題フォルダ改\\Bulletin-board-master\\vendor\\laravel\\framework\\src\\Illuminate\\Container\\Container.php(681): Illuminate\\Container\\Container->build()
#2 F:\\users\\Surumeika\\LULL_Learning\\掲示板課題フォルダ改\\Bulletin-board-master\\vendor\\laravel\\framework\\src\\Illuminate\\Foundation\\Application.php(785): Illuminate\\Container\\Container->resolve()
#3 F:\\users\\Surumeika\\LULL_Learning\\掲示板課題フォルダ改\\Bulletin-board-master\\vendor\\laravel\\framework\\src\\Illuminate\\Container\\Container.php(629): Illuminate\\Foundation\\Application->resolve()
#4 F:\\users\\Surumeika\\LULL_Learning\\掲示板課題フォルダ改\\Bulletin-board-master\\vendor\\laravel\\framework\\src\\Illuminate\\Foundation\\Application.php(770): Illuminate\\Container\\Container->make()
#5 F:\\users\\Surumeika\\LULL_Learning\\掲示板課題フォルダ改\\Bulletin-board-master\\vendor\\laravel\\framework\\src\\Illuminate\\Database\\Seeder.php(80): Illuminate\\Foundation\\Application->make()
#6 F:\\users\\Surumeika\\LULL_Learning\\掲示板課題フォルダ改\\Bulletin-board-master\\vendor\\laravel\\framework\\src\\Illuminate\\Database\\Seeder.php(38): Illuminate\\Database\\Seeder->resolve()
#7 F:\\users\\Surumeika\\LULL_Learning\\掲示板課題フォルダ改\\Bulletin-board-master\\database\\seeds\\DatabaseSeeder.php(14): Illuminate\\Database\\Seeder->call()
#8 F:\\users\\Surumeika\\LULL_Learning\\掲示板課題フォルダ改\\Bulletin-board-master\\vendor\\laravel\\framework\\src\\Illuminate\\Container\\BoundMethod.php(36): DatabaseSeeder->run()
#9 F:\\users\\Surumeika\\LULL_Learning\\掲示板課題フォルダ改\\Bulletin-board-master\\vendor\\laravel\\framework\\src\\Illuminate\\Container\\Util.php(37): Illuminate\\Container\\BoundMethod::Illuminate\\Container\\{closure}()
#10 F:\\users\\Surumeika\\LULL_Learning\\掲示板課題フォルダ改\\Bulletin-board-master\\vendor\\laravel\\framework\\src\\Illuminate\\Container\\BoundMethod.php(93): Illuminate\\Container\\Util::unwrapIfClosure()
#11 F:\\users\\Surumeika\\LULL_Learning\\掲示板課題フォルダ改\\Bulletin-board-master\\vendor\\laravel\\framework\\src\\Illuminate\\Container\\BoundMethod.php(37): Illuminate\\Container\\BoundMethod::callBoundMethod()
#12 F:\\users\\Surumeika\\LULL_Learning\\掲示板課題フォルダ改\\Bulletin-board-master\\vendor\\laravel\\framework\\src\\Illuminate\\Container\\Container.php(590): Illuminate\\Container\\BoundMethod::call()
#13 F:\\users\\Surumeika\\LULL_Learning\\掲示板課題フォルダ改\\Bulletin-board-master\\vendor\\laravel\\framework\\src\\Illuminate\\Database\\Seeder.php(134): Illuminate\\Container\\Container->call()
#14 F:\\users\\Surumeika\\LULL_Learning\\掲示板課題フォルダ改\\Bulletin-board-master\\vendor\\laravel\\framework\\src\\Illuminate\\Database\\Console\\Seeds\\SeedCommand.php(63): Illuminate\\Database\\Seeder->__invoke()
#15 F:\\users\\Surumeika\\LULL_Learning\\掲示板課題フォルダ改\\Bulletin-board-master\\vendor\\laravel\\framework\\src\\Illuminate\\Database\\Eloquent\\Concerns\\GuardsAttributes.php(129): Illuminate\\Database\\Console\\Seeds\\SeedCommand->Illuminate\\Database\\Console\\Seeds\\{closure}()
#16 F:\\users\\Surumeika\\LULL_Learning\\掲示板課題フォルダ改\\Bulletin-board-master\\vendor\\laravel\\framework\\src\\Illuminate\\Database\\Console\\Seeds\\SeedCommand.php(64): Illuminate\\Database\\Eloquent\\Model::unguarded()
#17 F:\\users\\Surumeika\\LULL_Learning\\掲示板課題フォルダ改\\Bulletin-board-master\\vendor\\laravel\\framework\\src\\Illuminate\\Container\\BoundMethod.php(36): Illuminate\\Database\\Console\\Seeds\\SeedCommand->handle()
#18 F:\\users\\Surumeika\\LULL_Learning\\掲示板課題フォルダ改\\Bulletin-board-master\\vendor\\laravel\\framework\\src\\Illuminate\\Container\\Util.php(37): Illuminate\\Container\\BoundMethod::Illuminate\\Container\\{closure}()
#19 F:\\users\\Surumeika\\LULL_Learning\\掲示板課題フォルダ改\\Bulletin-board-master\\vendor\\laravel\\framework\\src\\Illuminate\\Container\\BoundMethod.php(93): Illuminate\\Container\\Util::unwrapIfClosure()
#20 F:\\users\\Surumeika\\LULL_Learning\\掲示板課題フォルダ改\\Bulletin-board-master\\vendor\\laravel\\framework\\src\\Illuminate\\Container\\BoundMethod.php(37): Illuminate\\Container\\BoundMethod::callBoundMethod()
#21 F:\\users\\Surumeika\\LULL_Learning\\掲示板課題フォルダ改\\Bulletin-board-master\\vendor\\laravel\\framework\\src\\Illuminate\\Container\\Container.php(590): Illuminate\\Container\\BoundMethod::call()
#22 F:\\users\\Surumeika\\LULL_Learning\\掲示板課題フォルダ改\\Bulletin-board-master\\vendor\\laravel\\framework\\src\\Illuminate\\Console\\Command.php(134): Illuminate\\Container\\Container->call()
#23 F:\\users\\Surumeika\\LULL_Learning\\掲示板課題フォルダ改\\Bulletin-board-master\\vendor\\symfony\\console\\Command\\Command.php(255): Illuminate\\Console\\Command->execute()
#24 F:\\users\\Surumeika\\LULL_Learning\\掲示板課題フォルダ改\\Bulletin-board-master\\vendor\\laravel\\framework\\src\\Illuminate\\Console\\Command.php(121): Symfony\\Component\\Console\\Command\\Command->run()
#25 F:\\users\\Surumeika\\LULL_Learning\\掲示板課題フォルダ改\\Bulletin-board-master\\vendor\\symfony\\console\\Application.php(1021): Illuminate\\Console\\Command->run()
#26 F:\\users\\Surumeika\\LULL_Learning\\掲示板課題フォルダ改\\Bulletin-board-master\\vendor\\symfony\\console\\Application.php(275): Symfony\\Component\\Console\\Application->doRunCommand()
#27 F:\\users\\Surumeika\\LULL_Learning\\掲示板課題フォルダ改\\Bulletin-board-master\\vendor\\symfony\\console\\Application.php(149): Symfony\\Component\\Console\\Application->doRun()
#28 F:\\users\\Surumeika\\LULL_Learning\\掲示板課題フォルダ改\\Bulletin-board-master\\vendor\\laravel\\framework\\src\\Illuminate\\Console\\Application.php(93): Symfony\\Component\\Console\\Application->run()
#29 F:\\users\\Surumeika\\LULL_Learning\\掲示板課題フォルダ改\\Bulletin-board-master\\vendor\\laravel\\framework\\src\\Illuminate\\Foundation\\Console\\Kernel.php(131): Illuminate\\Console\\Application->run()
#30 F:\\users\\Surumeika\\LULL_Learning\\掲示板課題フォルダ改\\Bulletin-board-master\\artisan(37): Illuminate\\Foundation\\Console\\Kernel->handle()
#31 {main}
"} 
